#
# A fatal error has been detected by the Java Runtime Environment:
#
#  SIGSEGV (0xb) at pc=0x00007fff9075c097, pid=16794, tid=3335
#
# JRE version: Java(TM) SE Runtime Environment (8.0_11-b12) (build 1.8.0_11-b12)
# Java VM: Java HotSpot(TM) 64-Bit Server VM (25.11-b03 mixed mode bsd-amd64 compressed oops)
# Problematic frame:
# C  [libobjc.A.dylib+0x5097]  objc_msgSend+0x17
#
# Failed to write core dump. Core dumps have been disabled. To enable core dumping, try "ulimit -c unlimited" before starting Java again
#
# If you would like to submit a bug report, please visit:
#   http://bugreport.sun.com/bugreport/crash.jsp
# The crash happened outside the Java Virtual Machine in native code.
# See problematic frame for where to report the bug.
#

---------------  T H R E A D  ---------------

Current thread (0x00007ff7ab01e000):  JavaThread "AppKit Thread" daemon [_thread_in_native, id=3335, stack(0x00007fff5621f000,0x00007fff56a1f000)]

siginfo:si_signo=SIGSEGV: si_errno=0, si_code=0 (SEGV0), si_addr=0x0000000000000000

Registers:
RAX=0x2a006c00fd5ec370, RBX=0x00007ff7a9d43440, RCX=0x00007ff7aa8030c8, RDX=0x00000000a1a1a1a1
RSP=0x00007fff56a19be8, RBP=0x00007fff56a19c10, RSI=0x00007fff89e09bd0, RDI=0x00007ff7a9d43440
R8 =0x0000000000000002, R9 =0x00007ff7a9e79810, R10=0x00007fff89e09bd0, R11=0x3000000000000000
R12=0x00007ff7a9f55330, R13=0x00007ff7a9e9dc00, R14=0x00007ff7a9f55300, R15=0x0000000000000090
RIP=0x00007fff9075c097, EFLAGS=0x0000000000010246, ERR=0x0000000000000000
  TRAPNO=0x000000000000000d

Top of Stack: (sp=0x00007fff56a19be8)
0x00007fff56a19be8:   0000000123363f4e 00007ff7a9f55330
0x00007fff56a19bf8:   0000000123397cb8 00007ff7a9e58990
0x00007fff56a19c08:   0000000000000094 00007fff56a1a0f0
0x00007fff56a19c18:   00007fff894e5ac8 0000000000000000
0x00007fff56a19c28:   0000000000000000 4084000000000000
0x00007fff56a19c38:   4086800000000000 0000000000000000
0x00007fff56a19c48:   0000000000000000 4084000000000000
0x00007fff56a19c58:   4086800000000000 00007fff9075c1c4
0x00007fff56a19c68:   00007ff7a9f56eb0 00007fff56a19cf0
0x00007fff56a19c78:   00007ff7a9e58990 401c000000000000
0x00007fff56a19c88:   00007fff89dccfd4 002c000000000001
0x00007fff56a19c98:   4030000000000000 401c000000000000
0x00007fff56a19ca8:   4086980000000000 00007ff7a9f1f1e0
0x00007fff56a19cb8:   4030000000000000 00007ff7a9f56eb0
0x00007fff56a19cc8:   0000000000000000 00007ff7a9f55330
0x00007fff56a19cd8:   0000000000000000 00007fff56a19d01
0x00007fff56a19ce8:   00007fff56a19e50 00007fff56a19e40
0x00007fff56a19cf8:   00007fff895ca6da 00007fff56a19e40
0x00007fff56a19d08:   00007fff895cb109 402c000000000000
0x00007fff56a19d18:   4030000000000000 401c000000000000
0x00007fff56a19d28:   4086980000000000 402c000000000000
0x00007fff56a19d38:   4030000000000000 0000000000000000
0x00007fff56a19d48:   0000000000000000 4084000000000000
0x00007fff56a19d58:   4087300000000000 401c000000000000
0x00007fff56a19d68:   4086980000000000 00000001091fee00
0x00007fff56a19d78:   00007ff7a9e8f3f0 0000000080000000
0x00007fff56a19d88:   00007ff7a9e00000 00007ff7a9e8f340
0x00007fff56a19d98:   00000001091fee00 00007fff56a19e40
0x00007fff56a19da8:   00007fff8c6b719a 0000000000000000
0x00007fff56a19db8:   00007ff7a9efc080 00007fff56a19e60
0x00007fff56a19dc8:   00000000000008f3 000000000009d800
0x00007fff56a19dd8:   00000000000000b0 00007ff78888000b 

Instructions: (pc=0x00007fff9075c097)
0x00007fff9075c077:   90 90 90 90 90 90 90 90 90 48 85 ff 2e 74 72 40
0x00007fff9075c087:   f6 c7 01 2e 0f 85 7e 00 00 00 4c 8b 1f 49 89 f2
0x00007fff9075c097:   45 23 53 18 49 c1 e2 04 4d 03 53 10 49 3b 32 75
0x00007fff9075c0a7:   04 41 ff 62 08 49 83 3a 00 74 74 4d 3b 53 10 74 

Register to memory mapping:

RAX=0x2a006c00fd5ec370 is an unknown value
RBX=0x00007ff7a9d43440 is an unknown value
RCX=0x00007ff7aa8030c8 is an unknown value
RDX=0x00000000a1a1a1a1 is an unknown value
RSP=0x00007fff56a19be8 is pointing into the stack for thread: 0x00007ff7ab01e000
RBP=0x00007fff56a19c10 is pointing into the stack for thread: 0x00007ff7ab01e000
RSI=0x00007fff89e09bd0: NSAppKitVersionNumber+0x535c0 in /System/Library/Frameworks/AppKit.framework/Versions/C/AppKit at 0x00007fff89366000
RDI=0x00007ff7a9d43440 is an unknown value
R8 =0x0000000000000002 is an unknown value
R9 =0x00007ff7a9e79810 is an unknown value
R10=0x00007fff89e09bd0: NSAppKitVersionNumber+0x535c0 in /System/Library/Frameworks/AppKit.framework/Versions/C/AppKit at 0x00007fff89366000
R11=0x3000000000000000 is an unknown value
R12=0x00007ff7a9f55330 is an unknown value
R13=0x00007ff7a9e9dc00 is an unknown value
R14=0x00007ff7a9f55300 is an unknown value
R15=0x0000000000000090 is an unknown value


Stack: [0x00007fff5621f000,0x00007fff56a1f000],  sp=0x00007fff56a19be8,  free space=8170k
Native frames: (J=compiled Java code, j=interpreted, Vv=VM code, C=native code)
C  [libobjc.A.dylib+0x5097]  objc_msgSend+0x17
C  [AppKit+0x17fac8]  -[NSView _recursiveDisplayRectIfNeededIgnoringOpacity:isVisibleRect:rectIsVisibleRectForView:topView:]+0x70b
C  [AppKit+0x180bc4]  -[NSView _recursiveDisplayRectIfNeededIgnoringOpacity:isVisibleRect:rectIsVisibleRectForView:topView:]+0x1807
C  [AppKit+0x17eeb1]  -[NSThemeFrame _recursiveDisplayRectIfNeededIgnoringOpacity:isVisibleRect:rectIsVisibleRectForView:topView:]+0x13a
C  [AppKit+0x17be9f]  -[NSView _displayRectIgnoringOpacity:isVisibleRect:rectIsVisibleRectForView:]+0xb0c
C  [AppKit+0x15b2da]  -[NSView displayIfNeeded]+0x690
C  [AppKit+0x1c074e]  _handleWindowNeedsDisplayOrLayoutOrUpdateConstraints+0x374
C  [AppKit+0x796061]  __83-[NSWindow _postWindowNeedsDisplayOrLayoutOrUpdateConstraintsUnlessPostingDisabled]_block_invoke1331+0x2e
C  [CoreFoundation+0x7ed67]  __CFRUNLOOP_IS_CALLING_OUT_TO_AN_OBSERVER_CALLBACK_FUNCTION__+0x17
C  [CoreFoundation+0x7ecd7]  __CFRunLoopDoObservers+0x187
C  [CoreFoundation+0x703b8]  __CFRunLoopRun+0x308
C  [CoreFoundation+0x6fe75]  CFRunLoopRunSpecific+0x135
C  [HIToolbox+0x2ea0d]  RunCurrentEventLoopInMode+0xe2
C  [HIToolbox+0x2e685]  ReceiveNextEventCommon+0xad
C  [HIToolbox+0x2e5bc]  _BlockUntilNextEventMatchingListInModeWithFilter+0x41
C  [AppKit+0x2424e]  _DPSNextEvent+0x59a
C  [AppKit+0x2389b]  -[NSApplication nextEventMatchingMask:untilDate:inMode:dequeue:]+0x7a
C  [libosxapp.dylib+0x242a]  -[NSApplicationAWT nextEventMatchingMask:untilDate:inMode:dequeue:]+0x7c
C  [AppKit+0x1799c]  -[NSApplication run]+0x229
C  [libosxapp.dylib+0x223e]  +[NSApplicationAWT runAWTLoopWithApp:]+0x9c
C  [libawt_lwawt.dylib+0x439bb]  -[AWTStarter starter:]+0x389
C  [Foundation+0x6313e]  __NSThreadPerformPerform+0xe5
C  [CoreFoundation+0x7f5b1]  __CFRUNLOOP_IS_CALLING_OUT_TO_A_SOURCE0_PERFORM_FUNCTION__+0x11
C  [CoreFoundation+0x70c62]  __CFRunLoopDoSources0+0xf2
C  [CoreFoundation+0x703ef]  __CFRunLoopRun+0x33f
C  [CoreFoundation+0x6fe75]  CFRunLoopRunSpecific+0x135
C  [java+0x56cb]  CreateExecutionEnvironment+0x367
C  [java+0x166c]  JLI_Launch+0x7a0
C  [java+0x7689]  main+0x65
C  [java+0xec4]  start+0x34


---------------  P R O C E S S  ---------------

Java Threads: ( => current thread )
  0x00007ff7ab01e800 JavaThread "AWT-Shutdown" [_thread_blocked, id=27171, stack(0x00000001206f2000,0x00000001207f2000)]
=>0x00007ff7ab01e000 JavaThread "AppKit Thread" daemon [_thread_in_native, id=3335, stack(0x00007fff5621f000,0x00007fff56a1f000)]
  0x00007ff7aa835000 JavaThread "Service Thread" daemon [_thread_blocked, id=19715, stack(0x000000011eb78000,0x000000011ec78000)]
  0x00007ff7aa019800 JavaThread "C1 CompilerThread2" daemon [_thread_blocked, id=19203, stack(0x000000011ea75000,0x000000011eb75000)]
  0x00007ff7aa018800 JavaThread "C2 CompilerThread1" daemon [_thread_blocked, id=18691, stack(0x000000011e972000,0x000000011ea72000)]
  0x00007ff7aa82f000 JavaThread "C2 CompilerThread0" daemon [_thread_blocked, id=18179, stack(0x000000011e86f000,0x000000011e96f000)]
  0x00007ff7aa831000 JavaThread "Signal Dispatcher" daemon [_thread_blocked, id=17667, stack(0x000000011e76c000,0x000000011e86c000)]
  0x00007ff7ab007000 JavaThread "Finalizer" daemon [_thread_blocked, id=12547, stack(0x000000011e51d000,0x000000011e61d000)]
  0x00007ff7ab006800 JavaThread "Reference Handler" daemon [_thread_blocked, id=12035, stack(0x000000011e41a000,0x000000011e51a000)]
  0x00007ff7aa005000 JavaThread "main" [_thread_in_native, id=6403, stack(0x00000001092f6000,0x00000001093f6000)]

Other Threads:
  0x00007ff7aa855800 VMThread [stack: 0x000000011e317000,0x000000011e417000] [id=11523]
  0x00007ff7ab033000 WatcherThread [stack: 0x000000011ec7b000,0x000000011ed7b000] [id=20227]

VM state:not at safepoint (normal execution)

VM Mutex/Monitor currently owned by a thread: None

Heap:
 PSYoungGen      total 5632K, used 2534K [0x00000007aab00000, 0x00000007ab700000, 0x00000007c0000000)
  eden space 4096K, 26% used [0x00000007aab00000,0x00000007aac11a20,0x00000007aaf00000)
  from space 1536K, 93% used [0x00000007aaf00000,0x00000007ab068000,0x00000007ab080000)
  to   space 2048K, 0% used [0x00000007ab500000,0x00000007ab500000,0x00000007ab700000)
 ParOldGen       total 64000K, used 1245K [0x0000000780000000, 0x0000000783e80000, 0x00000007aab00000)
  object space 64000K, 1% used [0x0000000780000000,0x00000007801376d8,0x0000000783e80000)
 Metaspace       used 6730K, capacity 6843K, committed 6912K, reserved 1056768K
  class space    used 679K, capacity 724K, committed 768K, reserved 1048576K

Card table byte_map: [0x0000000119ed4000,0x000000011a0d5000] byte_map_base: 0x00000001162d4000

Marking Bits: (ParMarkBitMap*) 0x000000010a4670a0
 Begin Bits: [0x000000011a637000, 0x000000011b637000)
 End Bits:   [0x000000011b637000, 0x000000011c637000)

Polling page: 0x00000001093f8000

CodeCache: size=245760Kb used=3064Kb max_used=3064Kb free=242695Kb
 bounds [0x000000010ab14000, 0x000000010ae14000, 0x0000000119b14000]
 total_blobs=1156 nmethods=766 adapters=306
 compilation: enabled

Compilation events (10 events):
Event: 23.427 Thread 0x00007ff7aa019800  762       1       java.nio.HeapByteBuffer::_get (7 bytes)
Event: 23.427 Thread 0x00007ff7aa019800 nmethod 762 0x000000010ae0e210 code [0x000000010ae0e360, 0x000000010ae0e490]
Event: 23.626 Thread 0x00007ff7aa019800  763       3       java.nio.HeapByteBuffer::putInt (20 bytes)
Event: 23.627 Thread 0x00007ff7aa019800 nmethod 763 0x000000010ae0dad0 code [0x000000010ae0dc60, 0x000000010ae0e008]
Event: 23.627 Thread 0x00007ff7aa019800  764       3       java.nio.Bits::putInt (20 bytes)
Event: 23.628 Thread 0x00007ff7aa019800 nmethod 764 0x000000010ae13a10 code [0x000000010ae13b80, 0x000000010ae13d58]
Event: 23.644 Thread 0x00007ff7aa019800  765       3       java.nio.HeapByteBuffer::getInt (18 bytes)
Event: 23.645 Thread 0x00007ff7aa019800 nmethod 765 0x000000010ae12750 code [0x000000010ae12960, 0x000000010ae13248]
Event: 23.645 Thread 0x00007ff7aa019800  766       3       java.nio.Bits::getInt (18 bytes)
Event: 23.645 Thread 0x00007ff7aa019800 nmethod 766 0x000000010ae11890 code [0x000000010ae11a80, 0x000000010ae12418]

GC Heap History (10 events):
Event: 0.395 GC heap before
{Heap before GC invocations=3 (full 0):
 PSYoungGen      total 1536K, used 1502K [0x00000007aab00000, 0x00000007aad00000, 0x00000007c0000000)
  eden space 1024K, 99% used [0x00000007aab00000,0x00000007aabffaf8,0x00000007aac00000)
  from space 512K, 93% used [0x00000007aac80000,0x00000007aacf8020,0x00000007aad00000)
  to   space 512K, 0% used [0x00000007aac00000,0x00000007aac00000,0x00000007aac80000)
 ParOldGen       total 64000K, used 56K [0x0000000780000000, 0x0000000783e80000, 0x00000007aab00000)
  object space 64000K, 0% used [0x0000000780000000,0x000000078000e000,0x0000000783e80000)
 Metaspace       used 3125K, capacity 4728K, committed 4864K, reserved 1056768K
  class space    used 338K, capacity 424K, committed 512K, reserved 1048576K
Event: 0.396 GC heap after
Heap after GC invocations=3 (full 0):
 PSYoungGen      total 1536K, used 499K [0x00000007aab00000, 0x00000007aae00000, 0x00000007c0000000)
  eden space 1024K, 0% used [0x00000007aab00000,0x00000007aab00000,0x00000007aac00000)
  from space 512K, 97% used [0x00000007aac00000,0x00000007aac7cd20,0x00000007aac80000)
  to   space 512K, 0% used [0x00000007aad80000,0x00000007aad80000,0x00000007aae00000)
 ParOldGen       total 64000K, used 278K [0x0000000780000000, 0x0000000783e80000, 0x00000007aab00000)
  object space 64000K, 0% used [0x0000000780000000,0x0000000780045848,0x0000000783e80000)
 Metaspace       used 3125K, capacity 4728K, committed 4864K, reserved 1056768K
  class space    used 338K, capacity 424K, committed 512K, reserved 1048576K
}
Event: 0.727 GC heap before
{Heap before GC invocations=4 (full 0):
 PSYoungGen      total 1536K, used 1523K [0x00000007aab00000, 0x00000007aae00000, 0x00000007c0000000)
  eden space 1024K, 100% used [0x00000007aab00000,0x00000007aac00000,0x00000007aac00000)
  from space 512K, 97% used [0x00000007aac00000,0x00000007aac7cd20,0x00000007aac80000)
  to   space 512K, 0% used [0x00000007aad80000,0x00000007aad80000,0x00000007aae00000)
 ParOldGen       total 64000K, used 278K [0x0000000780000000, 0x0000000783e80000, 0x00000007aab00000)
  object space 64000K, 0% used [0x0000000780000000,0x0000000780045848,0x0000000783e80000)
 Metaspace       used 4620K, capacity 4978K, committed 5248K, reserved 1056768K
  class space    used 511K, capacity 537K, committed 640K, reserved 1048576K
Event: 0.729 GC heap after
Heap after GC invocations=4 (full 0):
 PSYoungGen      total 2560K, used 480K [0x00000007aab00000, 0x00000007aae00000, 0x00000007c0000000)
  eden space 2048K, 0% used [0x00000007aab00000,0x00000007aab00000,0x00000007aad00000)
  from space 512K, 93% used [0x00000007aad80000,0x00000007aadf8020,0x00000007aae00000)
  to   space 512K, 0% used [0x00000007aad00000,0x00000007aad00000,0x00000007aad80000)
 ParOldGen       total 64000K, used 552K [0x0000000780000000, 0x0000000783e80000, 0x00000007aab00000)
  object space 64000K, 0% used [0x0000000780000000,0x000000078008a138,0x0000000783e80000)
 Metaspace       used 4620K, capacity 4978K, committed 5248K, reserved 1056768K
  class space    used 511K, capacity 537K, committed 640K, reserved 1048576K
}
Event: 0.868 GC heap before
{Heap before GC invocations=5 (full 0):
 PSYoungGen      total 2560K, used 2528K [0x00000007aab00000, 0x00000007aae00000, 0x00000007c0000000)
  eden space 2048K, 100% used [0x00000007aab00000,0x00000007aad00000,0x00000007aad00000)
  from space 512K, 93% used [0x00000007aad80000,0x00000007aadf8020,0x00000007aae00000)
  to   space 512K, 0% used [0x00000007aad00000,0x00000007aad00000,0x00000007aad80000)
 ParOldGen       total 64000K, used 552K [0x0000000780000000, 0x0000000783e80000, 0x00000007aab00000)
  object space 64000K, 0% used [0x0000000780000000,0x000000078008a138,0x0000000783e80000)
 Metaspace       used 5529K, capacity 5647K, committed 5760K, reserved 1056768K
  class space    used 593K, capacity 626K, committed 640K, reserved 1048576K
Event: 0.871 GC heap after
Heap after GC invocations=5 (full 0):
 PSYoungGen      total 2560K, used 512K [0x00000007aab00000, 0x00000007ab200000, 0x00000007c0000000)
  eden space 2048K, 0% used [0x00000007aab00000,0x00000007aab00000,0x00000007aad00000)
  from space 512K, 100% used [0x00000007aad00000,0x00000007aad80000,0x00000007aad80000)
  to   space 1536K, 0% used [0x00000007ab080000,0x00000007ab080000,0x00000007ab200000)
 ParOldGen       total 64000K, used 1029K [0x0000000780000000, 0x0000000783e80000, 0x00000007aab00000)
  object space 64000K, 1% used [0x0000000780000000,0x00000007801016b8,0x0000000783e80000)
 Metaspace       used 5529K, capacity 5647K, committed 5760K, reserved 1056768K
  class space    used 593K, capacity 626K, committed 640K, reserved 1048576K
}
Event: 1.079 GC heap before
{Heap before GC invocations=6 (full 0):
 PSYoungGen      total 2560K, used 2560K [0x00000007aab00000, 0x00000007ab200000, 0x00000007c0000000)
  eden space 2048K, 100% used [0x00000007aab00000,0x00000007aad00000,0x00000007aad00000)
  from space 512K, 100% used [0x00000007aad00000,0x00000007aad80000,0x00000007aad80000)
  to   space 1536K, 0% used [0x00000007ab080000,0x00000007ab080000,0x00000007ab200000)
 ParOldGen       total 64000K, used 1029K [0x0000000780000000, 0x0000000783e80000, 0x00000007aab00000)
  object space 64000K, 1% used [0x0000000780000000,0x00000007801016b8,0x0000000783e80000)
 Metaspace       used 6222K, capacity 6351K, committed 6656K, reserved 1056768K
  class space    used 632K, capacity 690K, committed 768K, reserved 1048576K
Event: 1.083 GC heap after
Heap after GC invocations=6 (full 0):
 PSYoungGen      total 5632K, used 1165K [0x00000007aab00000, 0x00000007ab200000, 0x00000007c0000000)
  eden space 4096K, 0% used [0x00000007aab00000,0x00000007aab00000,0x00000007aaf00000)
  from space 1536K, 75% used [0x00000007ab080000,0x00000007ab1a37e8,0x00000007ab200000)
  to   space 1536K, 0% used [0x00000007aaf00000,0x00000007aaf00000,0x00000007ab080000)
 ParOldGen       total 64000K, used 1037K [0x0000000780000000, 0x0000000783e80000, 0x00000007aab00000)
  object space 64000K, 1% used [0x0000000780000000,0x00000007801036b8,0x0000000783e80000)
 Metaspace       used 6222K, capacity 6351K, committed 6656K, reserved 1056768K
  class space    used 632K, capacity 690K, committed 768K, reserved 1048576K
}
Event: 1.794 GC heap before
{Heap before GC invocations=7 (full 0):
 PSYoungGen      total 5632K, used 5261K [0x00000007aab00000, 0x00000007ab200000, 0x00000007c0000000)
  eden space 4096K, 100% used [0x00000007aab00000,0x00000007aaf00000,0x00000007aaf00000)
  from space 1536K, 75% used [0x00000007ab080000,0x00000007ab1a37e8,0x00000007ab200000)
  to   space 1536K, 0% used [0x00000007aaf00000,0x00000007aaf00000,0x00000007ab080000)
 ParOldGen       total 64000K, used 1037K [0x0000000780000000, 0x0000000783e80000, 0x00000007aab00000)
  object space 64000K, 1% used [0x0000000780000000,0x00000007801036b8,0x0000000783e80000)
 Metaspace       used 6541K, capacity 6651K, committed 6912K, reserved 1056768K
  class space    used 669K, capacity 724K, committed 768K, reserved 1048576K
Event: 1.797 GC heap after
Heap after GC invocations=7 (full 0):
 PSYoungGen      total 5632K, used 1440K [0x00000007aab00000, 0x00000007ab700000, 0x00000007c0000000)
  eden space 4096K, 0% used [0x00000007aab00000,0x00000007aab00000,0x00000007aaf00000)
  from space 1536K, 93% used [0x00000007aaf00000,0x00000007ab068000,0x00000007ab080000)
  to   space 2048K, 0% used [0x00000007ab500000,0x00000007ab500000,0x00000007ab700000)
 ParOldGen       total 64000K, used 1245K [0x0000000780000000, 0x0000000783e80000, 0x00000007aab00000)
  object space 64000K, 1% used [0x0000000780000000,0x00000007801376d8,0x0000000783e80000)
 Metaspace       used 6541K, capacity 6651K, committed 6912K, reserved 1056768K
  class space    used 669K, capacity 724K, committed 768K, reserved 1048576K
}

Deoptimization events (0 events):
No events

Internal exceptions (10 events):
Event: 1.299 Thread 0x00007ff7aa005000 Exception <a 'java/security/PrivilegedActionException'> (0x00000007aace59b0) thrown at [/HUDSON3/workspace/8-2-build-macosx-x86_64/jdk8u11/648/hotspot/src/share/vm/prims/jvm.cpp, line 1248]
Event: 1.605 Thread 0x00007ff7aa005000 Exception <a 'java/security/PrivilegedActionException'> (0x00000007aae3c6c0) thrown at [/HUDSON3/workspace/8-2-build-macosx-x86_64/jdk8u11/648/hotspot/src/share/vm/prims/jvm.cpp, line 1248]
Event: 1.698 Thread 0x00007ff7aa005000 Exception <a 'java/security/PrivilegedActionException'> (0x00000007aaeca8c8) thrown at [/HUDSON3/workspace/8-2-build-macosx-x86_64/jdk8u11/648/hotspot/src/share/vm/prims/jvm.cpp, line 1248]
Event: 1.778 Thread 0x00007ff7aa005000 Exception <a 'java/security/PrivilegedActionException'> (0x00000007aaef9488) thrown at [/HUDSON3/workspace/8-2-build-macosx-x86_64/jdk8u11/648/hotspot/src/share/vm/prims/jvm.cpp, line 1248]
Event: 1.883 Thread 0x00007ff7aa005000 Exception <a 'java/security/PrivilegedActionException'> (0x00000007aab3df40) thrown at [/HUDSON3/workspace/8-2-build-macosx-x86_64/jdk8u11/648/hotspot/src/share/vm/prims/jvm.cpp, line 1248]
Event: 1.938 Thread 0x00007ff7aa005000 Exception <a 'java/security/PrivilegedActionException'> (0x00000007aab463c0) thrown at [/HUDSON3/workspace/8-2-build-macosx-x86_64/jdk8u11/648/hotspot/src/share/vm/prims/jvm.cpp, line 1248]
Event: 1.948 Thread 0x00007ff7aa005000 Exception <a 'java/security/PrivilegedActionException'> (0x00000007aab4a530) thrown at [/HUDSON3/workspace/8-2-build-macosx-x86_64/jdk8u11/648/hotspot/src/share/vm/prims/jvm.cpp, line 1248]
Event: 1.949 Thread 0x00007ff7aa005000 Exception <a 'java/security/PrivilegedActionException'> (0x00000007aab4d990) thrown at [/HUDSON3/workspace/8-2-build-macosx-x86_64/jdk8u11/648/hotspot/src/share/vm/prims/jvm.cpp, line 1248]
Event: 1.949 Thread 0x00007ff7aa005000 Exception <a 'java/security/PrivilegedActionException'> (0x00000007aab58b60) thrown at [/HUDSON3/workspace/8-2-build-macosx-x86_64/jdk8u11/648/hotspot/src/share/vm/prims/jvm.cpp, line 1248]
Event: 24.320 Thread 0x00007ff7aa005000 Exception <a 'java/security/PrivilegedActionException'> (0x00000007aac093b8) thrown at [/HUDSON3/workspace/8-2-build-macosx-x86_64/jdk8u11/648/hotspot/src/share/vm/prims/jvm.cpp, line 1248]

Events (10 events):
Event: 17.612 Executing VM operation: RevokeBias
Event: 17.612 Executing VM operation: RevokeBias done
Event: 17.612 Thread 0x00007ff7ab01e800 Thread exited: 0x00007ff7ab01e800
Event: 17.713 Thread 0x00007ff7ab9f0000 Thread added: 0x00007ff7ab9f0000
Event: 20.166 Executing VM operation: RevokeBias
Event: 20.166 Executing VM operation: RevokeBias done
Event: 20.167 Thread 0x00007ff7ab9f0000 Thread exited: 0x00007ff7ab9f0000
Event: 22.239 Thread 0x00007ff7ab01e800 Thread added: 0x00007ff7ab01e800
Event: 24.320 loading class org/lwjgl/opengl/CallbackUtil
Event: 24.320 loading class org/lwjgl/opengl/CallbackUtil done


Dynamic libraries:
0x0000000005757000 	/System/Library/Frameworks/Cocoa.framework/Versions/A/Cocoa
0x0000000005757000 	/System/Library/Frameworks/Security.framework/Versions/A/Security
0x0000000005757000 	/System/Library/Frameworks/ApplicationServices.framework/Versions/A/ApplicationServices
0x0000000005757000 	/usr/lib/libz.1.dylib
0x0000000005757000 	/usr/lib/libSystem.B.dylib
0x0000000005757000 	/usr/lib/libobjc.A.dylib
0x0000000005757000 	/System/Library/Frameworks/CoreFoundation.framework/Versions/A/CoreFoundation
0x0000000005757000 	/System/Library/Frameworks/Foundation.framework/Versions/C/Foundation
0x0000000005757000 	/System/Library/Frameworks/AppKit.framework/Versions/C/AppKit
0x0000000005757000 	/System/Library/Frameworks/CoreData.framework/Versions/A/CoreData
0x0000000005757000 	/System/Library/PrivateFrameworks/RemoteViewServices.framework/Versions/A/RemoteViewServices
0x0000000005757000 	/System/Library/Frameworks/AudioToolbox.framework/Versions/A/AudioToolbox
0x0000000005757000 	/System/Library/Frameworks/AudioUnit.framework/Versions/A/AudioUnit
0x0000000005757000 	/System/Library/PrivateFrameworks/DataDetectorsCore.framework/Versions/A/DataDetectorsCore
0x0000000005757000 	/System/Library/PrivateFrameworks/DesktopServicesPriv.framework/Versions/A/DesktopServicesPriv
0x0000000005757000 	/System/Library/Frameworks/Carbon.framework/Versions/A/Frameworks/HIToolbox.framework/Versions/A/HIToolbox
0x0000000005757000 	/System/Library/Frameworks/QuartzCore.framework/Versions/A/QuartzCore
0x0000000005757000 	/System/Library/Frameworks/Carbon.framework/Versions/A/Frameworks/SpeechRecognition.framework/Versions/A/SpeechRecognition
0x0000000005757000 	/usr/lib/libauto.dylib
0x0000000005757000 	/usr/lib/libicucore.A.dylib
0x0000000005757000 	/usr/lib/libxml2.2.dylib
0x0000000005757000 	/System/Library/PrivateFrameworks/CoreUI.framework/Versions/A/CoreUI
0x0000000005757000 	/System/Library/Frameworks/CoreAudio.framework/Versions/A/CoreAudio
0x0000000005757000 	/System/Library/Frameworks/DiskArbitration.framework/Versions/A/DiskArbitration
0x0000000005757000 	/usr/lib/liblangid.dylib
0x0000000005757000 	/System/Library/PrivateFrameworks/MultitouchSupport.framework/Versions/A/MultitouchSupport
0x0000000005757000 	/System/Library/Frameworks/IOKit.framework/Versions/A/IOKit
0x0000000005757000 	/usr/lib/libDiagnosticMessagesClient.dylib
0x0000000005757000 	/System/Library/Frameworks/CoreServices.framework/Versions/A/CoreServices
0x0000000005757000 	/System/Library/PrivateFrameworks/PerformanceAnalysis.framework/Versions/A/PerformanceAnalysis
0x0000000005757000 	/System/Library/PrivateFrameworks/GenerationalStorage.framework/Versions/A/GenerationalStorage
0x0000000005757000 	/System/Library/Frameworks/OpenGL.framework/Versions/A/OpenGL
0x0000000005757000 	/System/Library/PrivateFrameworks/Sharing.framework/Versions/A/Sharing
0x0000000005757000 	/System/Library/Frameworks/ImageIO.framework/Versions/A/ImageIO
0x0000000005757000 	/System/Library/Frameworks/CoreText.framework/Versions/A/CoreText
0x0000000005757000 	/System/Library/Frameworks/CoreGraphics.framework/Versions/A/CoreGraphics
0x0000000005757000 	/System/Library/PrivateFrameworks/Backup.framework/Versions/A/Backup
0x0000000005757000 	/System/Library/Frameworks/CFNetwork.framework/Versions/A/CFNetwork
0x0000000005757000 	/System/Library/Frameworks/SystemConfiguration.framework/Versions/A/SystemConfiguration
0x0000000005757000 	/usr/lib/libCRFSuite.dylib
0x0000000005757000 	/usr/lib/libc++.1.dylib
0x0000000005757000 	/usr/lib/libc++abi.dylib
0x0000000005757000 	/usr/lib/system/libcache.dylib
0x0000000005757000 	/usr/lib/system/libcommonCrypto.dylib
0x0000000005757000 	/usr/lib/system/libcompiler_rt.dylib
0x0000000005757000 	/usr/lib/system/libcopyfile.dylib
0x0000000005757000 	/usr/lib/system/libcorecrypto.dylib
0x0000000005757000 	/usr/lib/system/libdispatch.dylib
0x0000000005757000 	/usr/lib/system/libdyld.dylib
0x0000000005757000 	/usr/lib/system/libkeymgr.dylib
0x0000000005757000 	/usr/lib/system/liblaunch.dylib
0x0000000005757000 	/usr/lib/system/libmacho.dylib
0x0000000005757000 	/usr/lib/system/libquarantine.dylib
0x0000000005757000 	/usr/lib/system/libremovefile.dylib
0x0000000005757000 	/usr/lib/system/libsystem_asl.dylib
0x0000000005757000 	/usr/lib/system/libsystem_blocks.dylib
0x0000000005757000 	/usr/lib/system/libsystem_c.dylib
0x0000000005757000 	/usr/lib/system/libsystem_configuration.dylib
0x0000000005757000 	/usr/lib/system/libsystem_dnssd.dylib
0x0000000005757000 	/usr/lib/system/libsystem_info.dylib
0x0000000005757000 	/usr/lib/system/libsystem_kernel.dylib
0x0000000005757000 	/usr/lib/system/libsystem_m.dylib
0x0000000005757000 	/usr/lib/system/libsystem_malloc.dylib
0x0000000005757000 	/usr/lib/system/libsystem_network.dylib
0x0000000005757000 	/usr/lib/system/libsystem_notify.dylib
0x0000000005757000 	/usr/lib/system/libsystem_platform.dylib
0x0000000005757000 	/usr/lib/system/libsystem_pthread.dylib
0x0000000005757000 	/usr/lib/system/libsystem_sandbox.dylib
0x0000000005757000 	/usr/lib/system/libsystem_stats.dylib
0x0000000005757000 	/usr/lib/system/libunc.dylib
0x0000000005757000 	/usr/lib/system/libunwind.dylib
0x0000000005757000 	/usr/lib/system/libxpc.dylib
0x0000000005757000 	/usr/lib/libbsm.0.dylib
0x0000000005757000 	/usr/lib/libsqlite3.dylib
0x0000000005757000 	/usr/lib/libxar.1.dylib
0x0000000005757000 	/usr/lib/libpam.2.dylib
0x0000000005757000 	/usr/lib/libOpenScriptingUtil.dylib
0x0000000005757000 	/usr/lib/libbz2.1.0.dylib
0x0000000005757000 	/System/Library/Frameworks/CoreServices.framework/Versions/A/Frameworks/CarbonCore.framework/Versions/A/CarbonCore
0x0000000005757000 	/System/Library/Frameworks/CoreServices.framework/Versions/A/Frameworks/Metadata.framework/Versions/A/Metadata
0x0000000005757000 	/System/Library/Frameworks/CoreServices.framework/Versions/A/Frameworks/OSServices.framework/Versions/A/OSServices
0x0000000005757000 	/System/Library/Frameworks/CoreServices.framework/Versions/A/Frameworks/SearchKit.framework/Versions/A/SearchKit
0x0000000005757000 	/System/Library/Frameworks/CoreServices.framework/Versions/A/Frameworks/AE.framework/Versions/A/AE
0x0000000005757000 	/System/Library/Frameworks/CoreServices.framework/Versions/A/Frameworks/LaunchServices.framework/Versions/A/LaunchServices
0x0000000005757000 	/System/Library/Frameworks/CoreServices.framework/Versions/A/Frameworks/DictionaryServices.framework/Versions/A/DictionaryServices
0x0000000005757000 	/System/Library/Frameworks/NetFS.framework/Versions/A/NetFS
0x0000000005757000 	/usr/lib/system/libkxld.dylib
0x0000000005757000 	/System/Library/PrivateFrameworks/NetAuth.framework/Versions/A/NetAuth
0x0000000005757000 	/System/Library/PrivateFrameworks/TCC.framework/Versions/A/TCC
0x0000000005757000 	/System/Library/Frameworks/OpenDirectory.framework/Versions/A/Frameworks/CFOpenDirectory.framework/Versions/A/CFOpenDirectory
0x0000000005757000 	/System/Library/Frameworks/ServiceManagement.framework/Versions/A/ServiceManagement
0x0000000005757000 	/usr/lib/libxslt.1.dylib
0x0000000005757000 	/System/Library/Frameworks/Carbon.framework/Versions/A/Frameworks/Ink.framework/Versions/A/Ink
0x0000000005757000 	/System/Library/Frameworks/ApplicationServices.framework/Versions/A/Frameworks/ATS.framework/Versions/A/ATS
0x0000000005757000 	/System/Library/Frameworks/ApplicationServices.framework/Versions/A/Frameworks/ColorSync.framework/Versions/A/ColorSync
0x0000000005757000 	/System/Library/Frameworks/ApplicationServices.framework/Versions/A/Frameworks/HIServices.framework/Versions/A/HIServices
0x0000000005757000 	/System/Library/Frameworks/ApplicationServices.framework/Versions/A/Frameworks/LangAnalysis.framework/Versions/A/LangAnalysis
0x0000000005757000 	/System/Library/Frameworks/ApplicationServices.framework/Versions/A/Frameworks/PrintCore.framework/Versions/A/PrintCore
0x0000000005757000 	/System/Library/Frameworks/ApplicationServices.framework/Versions/A/Frameworks/QD.framework/Versions/A/QD
0x0000000005757000 	/System/Library/Frameworks/ApplicationServices.framework/Versions/A/Frameworks/SpeechSynthesis.framework/Versions/A/SpeechSynthesis
0x0000000005757000 	/System/Library/Frameworks/IOSurface.framework/Versions/A/IOSurface
0x0000000005757000 	/System/Library/Frameworks/Accelerate.framework/Versions/A/Accelerate
0x0000000005757000 	/System/Library/Frameworks/Accelerate.framework/Versions/A/Frameworks/vImage.framework/Versions/A/vImage
0x0000000005757000 	/System/Library/Frameworks/Accelerate.framework/Versions/A/Frameworks/vecLib.framework/Versions/A/vecLib
0x0000000005757000 	/System/Library/Frameworks/Accelerate.framework/Versions/A/Frameworks/vecLib.framework/Versions/A/libvDSP.dylib
0x0000000005757000 	/System/Library/Frameworks/Accelerate.framework/Versions/A/Frameworks/vecLib.framework/Versions/A/libvMisc.dylib
0x0000000005757000 	/System/Library/Frameworks/Accelerate.framework/Versions/A/Frameworks/vecLib.framework/Versions/A/libLAPACK.dylib
0x0000000005757000 	/System/Library/Frameworks/Accelerate.framework/Versions/A/Frameworks/vecLib.framework/Versions/A/libBLAS.dylib
0x0000000005757000 	/System/Library/Frameworks/ApplicationServices.framework/Versions/A/Frameworks/ATS.framework/Versions/A/Resources/libFontParser.dylib
0x0000000005757000 	/System/Library/Frameworks/ApplicationServices.framework/Versions/A/Frameworks/ATS.framework/Versions/A/Resources/libFontRegistry.dylib
0x0000000005757000 	/System/Library/Frameworks/ImageIO.framework/Versions/A/Resources/libJPEG.dylib
0x0000000005757000 	/System/Library/Frameworks/ImageIO.framework/Versions/A/Resources/libTIFF.dylib
0x0000000005757000 	/System/Library/Frameworks/ImageIO.framework/Versions/A/Resources/libPng.dylib
0x0000000005757000 	/System/Library/Frameworks/ImageIO.framework/Versions/A/Resources/libGIF.dylib
0x0000000005757000 	/System/Library/Frameworks/ImageIO.framework/Versions/A/Resources/libJP2.dylib
0x0000000005757000 	/System/Library/Frameworks/ImageIO.framework/Versions/A/Resources/libRadiance.dylib
0x0000000005757000 	/usr/lib/libcups.2.dylib
0x0000000005757000 	/System/Library/Frameworks/Kerberos.framework/Versions/A/Kerberos
0x0000000005757000 	/System/Library/Frameworks/GSS.framework/Versions/A/GSS
0x0000000005757000 	/usr/lib/libresolv.9.dylib
0x0000000005757000 	/usr/lib/libiconv.2.dylib
0x0000000005757000 	/System/Library/PrivateFrameworks/Heimdal.framework/Versions/A/Heimdal
0x0000000005757000 	/System/Library/PrivateFrameworks/TrustEvaluationAgent.framework/Versions/A/TrustEvaluationAgent
0x0000000005757000 	/usr/lib/libheimdal-asn1.dylib
0x0000000005757000 	/System/Library/Frameworks/OpenDirectory.framework/Versions/A/OpenDirectory
0x0000000005757000 	/System/Library/PrivateFrameworks/CommonAuth.framework/Versions/A/CommonAuth
0x0000000005757000 	/System/Library/Frameworks/SecurityFoundation.framework/Versions/A/SecurityFoundation
0x0000000005757000 	/System/Library/PrivateFrameworks/Bom.framework/Versions/A/Bom
0x0000000005757000 	/System/Library/Frameworks/CoreVideo.framework/Versions/A/CoreVideo
0x0000000005757000 	/System/Library/Frameworks/QuartzCore.framework/Versions/A/Frameworks/CoreImage.framework/Versions/A/CoreImage
0x0000000005757000 	/System/Library/Frameworks/QuartzCore.framework/Versions/A/Frameworks/ScalableUserInterface.framework/Versions/A/ScalableUserInterface
0x0000000005757000 	/System/Library/Frameworks/OpenGL.framework/Versions/A/Libraries/libGLU.dylib
0x0000000005757000 	/System/Library/Frameworks/OpenGL.framework/Versions/A/Libraries/libGFXShared.dylib
0x0000000005757000 	/System/Library/Frameworks/OpenGL.framework/Versions/A/Libraries/libGL.dylib
0x0000000005757000 	/System/Library/Frameworks/OpenGL.framework/Versions/A/Libraries/libGLImage.dylib
0x0000000005757000 	/System/Library/Frameworks/OpenGL.framework/Versions/A/Libraries/libCVMSPluginSupport.dylib
0x0000000005757000 	/System/Library/Frameworks/OpenGL.framework/Versions/A/Libraries/libCoreVMClient.dylib
0x0000000005757000 	/System/Library/PrivateFrameworks/FaceCore.framework/Versions/A/FaceCore
0x0000000005757000 	/System/Library/PrivateFrameworks/CrashReporterSupport.framework/Versions/A/CrashReporterSupport
0x0000000005757000 	/System/Library/Frameworks/OpenCL.framework/Versions/A/OpenCL
0x0000000005757000 	/System/Library/PrivateFrameworks/AppleFSCompression.framework/Versions/A/AppleFSCompression
0x0000000005757000 	/System/Library/PrivateFrameworks/Ubiquity.framework/Versions/A/Ubiquity
0x0000000005757000 	/System/Library/PrivateFrameworks/IconServices.framework/Versions/A/IconServices
0x0000000005757000 	/System/Library/PrivateFrameworks/ChunkingLibrary.framework/Versions/A/ChunkingLibrary
0x0000000005757000 	/System/Library/PrivateFrameworks/CoreSymbolication.framework/Versions/A/CoreSymbolication
0x0000000005757000 	/System/Library/PrivateFrameworks/Symbolication.framework/Versions/A/Symbolication
0x0000000005757000 	/System/Library/PrivateFrameworks/DebugSymbols.framework/Versions/A/DebugSymbols
0x0000000109c00000 	/Library/Java/JavaVirtualMachines/jdk1.8.0_11.jdk/Contents/Home/jre/lib/server/libjvm.dylib
0x0000000005757000 	/usr/lib/libstdc++.6.dylib
0x000000010aac1000 	/Library/Java/JavaVirtualMachines/jdk1.8.0_11.jdk/Contents/Home/jre/lib/libverify.dylib
0x000000010aacf000 	/Library/Java/JavaVirtualMachines/jdk1.8.0_11.jdk/Contents/Home/jre/lib/libjava.dylib
0x000000010ab0b000 	/Library/Java/JavaVirtualMachines/jdk1.8.0_11.jdk/Contents/Home/jre/lib/libzip.dylib
0x000000011e61f000 	/System/Library/Frameworks/JavaVM.framework/Frameworks/JavaRuntimeSupport.framework/JavaRuntimeSupport
0x000000011e637000 	/System/Library/Frameworks/JavaVM.framework/Versions/A/Frameworks/JavaNativeFoundation.framework/Versions/A/JavaNativeFoundation
0x000000011e64c000 	/System/Library/Frameworks/JavaVM.framework/Versions/A/JavaVM
0x0000000005757000 	/System/Library/Frameworks/Carbon.framework/Versions/A/Carbon
0x000000011e659000 	/System/Library/PrivateFrameworks/JavaLaunching.framework/Versions/A/JavaLaunching
0x0000000005757000 	/System/Library/Frameworks/Carbon.framework/Versions/A/Frameworks/CommonPanels.framework/Versions/A/CommonPanels
0x0000000005757000 	/System/Library/Frameworks/Carbon.framework/Versions/A/Frameworks/Help.framework/Versions/A/Help
0x0000000005757000 	/System/Library/Frameworks/Carbon.framework/Versions/A/Frameworks/ImageCapture.framework/Versions/A/ImageCapture
0x0000000005757000 	/System/Library/Frameworks/Carbon.framework/Versions/A/Frameworks/OpenScripting.framework/Versions/A/OpenScripting
0x0000000005757000 	/System/Library/Frameworks/Carbon.framework/Versions/A/Frameworks/Print.framework/Versions/A/Print
0x0000000005757000 	/System/Library/Frameworks/Carbon.framework/Versions/A/Frameworks/SecurityHI.framework/Versions/A/SecurityHI
0x000000011ede7000 	/Library/Java/JavaVirtualMachines/jdk1.8.0_11.jdk/Contents/Home/jre/lib/libawt.dylib
0x000000011ee96000 	/Library/Java/JavaVirtualMachines/jdk1.8.0_11.jdk/Contents/Home/jre/lib/./libmlib_image.dylib
0x000000011ef62000 	/Library/Java/JavaVirtualMachines/jdk1.8.0_11.jdk/Contents/Home/jre/lib/libawt_lwawt.dylib
0x000000011f014000 	/Library/Java/JavaVirtualMachines/jdk1.8.0_11.jdk/Contents/Home/jre/lib/./libosxapp.dylib
0x0000000005757000 	/System/Library/Frameworks/ExceptionHandling.framework/Versions/A/ExceptionHandling
0x0000000005757000 	/System/Library/PrivateFrameworks/CoreServicesInternal.framework/Versions/A/CoreServicesInternal
0x0000000005757000 	/System/Library/PrivateFrameworks/Librarian.framework/Versions/A/Librarian
0x0000000005757000 	/System/Library/Frameworks/CoreGraphics.framework/Versions/A/Resources/libCGCMS.A.dylib
0x0000000005757000 	/System/Library/Frameworks/CoreGraphics.framework/Versions/A/Resources/libRIP.A.dylib
0x0000000005757000 	/System/Library/Frameworks/CoreGraphics.framework/Versions/A/Resources/libCGXType.A.dylib
0x0000000005757000 	/System/Library/PrivateFrameworks/FamilyControls.framework/Versions/A/FamilyControls
0x0000000005757000 	/System/Library/PrivateFrameworks/CommerceKit.framework/Versions/A/Frameworks/CommerceCore.framework/Versions/A/CommerceCore
0x0000000005757000 	/System/Library/PrivateFrameworks/SystemAdministration.framework/Versions/A/SystemAdministration
0x0000000005757000 	/System/Library/Frameworks/DirectoryService.framework/Versions/A/DirectoryService
0x0000000005757000 	/System/Library/PrivateFrameworks/DiskImages.framework/Versions/A/DiskImages
0x0000000005757000 	/System/Library/PrivateFrameworks/LoginUIKit.framework/Versions/A/Frameworks/LoginUICore.framework/Versions/A/LoginUICore
0x0000000005757000 	/usr/lib/libCoreStorage.dylib
0x0000000005757000 	/usr/lib/libcsfde.dylib
0x0000000005757000 	/usr/lib/libodfde.dylib
0x0000000005757000 	/System/Library/Frameworks/DiscRecording.framework/Versions/A/DiscRecording
0x0000000005757000 	/usr/lib/libcurl.4.dylib
0x0000000005757000 	/System/Library/PrivateFrameworks/MediaKit.framework/Versions/A/MediaKit
0x0000000005757000 	/System/Library/PrivateFrameworks/EFILogin.framework/Versions/A/EFILogin
0x0000000005757000 	/usr/lib/libutil.dylib
0x0000000005757000 	/System/Library/PrivateFrameworks/AOSNotification.framework/Versions/A/AOSNotification
0x0000000005757000 	/System/Library/Frameworks/LDAP.framework/Versions/A/LDAP
0x0000000005757000 	/usr/lib/libsasl2.2.dylib
0x0000000005757000 	/usr/lib/libcrypto.0.9.8.dylib
0x0000000005757000 	/usr/lib/libssl.0.9.8.dylib
0x00000001232f4000 	/Library/Java/JavaVirtualMachines/jdk1.8.0_11.jdk/Contents/Home/jre/lib/libfontmanager.dylib
0x000000012335a000 	/Users/punnatad/Desktop/LWJGL/lwjgl-2.9.1/native/macosx/liblwjgl.jnilib
0x0000000120b25000 	/Library/Java/JavaVirtualMachines/jdk1.8.0_11.jdk/Contents/Home/jre/lib/libjawt.dylib
0x0000000005757000 	/System/Library/Frameworks/OpenGL.framework/Versions/A/Resources/GLEngine.bundle/GLEngine
0x0000000005757000 	/System/Library/Frameworks/OpenGL.framework/Versions/A/Libraries/libGLProgrammability.dylib
0x0000000000000000 	/System/Library/Extensions/AppleIntelHD3000GraphicsGLDriver.bundle/Contents/MacOS/AppleIntelHD3000GraphicsGLDriver
0x0000000121990000 	/System/Library/PrivateFrameworks/GPUSupport.framework/Versions/A/Libraries/libGPUSupport.dylib
0x0000000005757000 	/System/Library/Frameworks/OpenGL.framework/Versions/A/Resources/GLRendererFloat.bundle/GLRendererFloat
0x0000000005757000 	/System/Library/Frameworks/OpenCL.framework/Versions/A/Libraries/libcldcpuengine.dylib
0x00000001219a4000 	/Users/punnatad/Desktop/LWJGL/lwjgl-2.9.1/native/macosx/libjinput-osx.jnilib
0x0000000123d6d000 	/System/Library/Extensions/IOHIDFamily.kext/Contents/PlugIns/IOHIDLib.plugin/Contents/MacOS/IOHIDLib
0x0000000005757000 	/System/Library/PrivateFrameworks/Shortcut.framework/Versions/A/Shortcut
0x0000000005757000 	/System/Library/PrivateFrameworks/HelpData.framework/Versions/A/HelpData
0x0000000005757000 	/usr/lib/libtidy.A.dylib
0x0000000005757000 	/System/Library/Frameworks/CoreGraphics.framework/Versions/A/Resources/libCGXCoreImage.A.dylib
0x000000011e6fb000 	cl_kernels
0x0000000126622000 	/System/Library/Frameworks/OpenCL.framework/Versions/A/Libraries/ImageFormats/unorm8_bgra.dylib

VM Arguments:
jvm_args: -Djava.library.path=/Users/punnatad/Desktop/LWJGL/lwjgl-2.9.1/native/macosx -Dfile.encoding=UTF-8 
java_command: DownGame
java_class_path (initial): /Users/punnatad/Documents/workspace/DownTheGame/bin:/Users/punnatad/Desktop/LWJGL/lwjgl-2.9.1/jar/jinput.jar:/Users/punnatad/Desktop/LWJGL/lwjgl-2.9.1/jar/lwjgl_util.jar:/Users/punnatad/Desktop/LWJGL/lwjgl-2.9.1/jar/lwjgl.jar:/Users/punnatad/Desktop/Slick2D/lib/slick.jar
Launcher Type: SUN_STANDARD

Environment Variables:
PATH=/usr/bin:/bin:/usr/sbin:/sbin
SHELL=/bin/bash
DISPLAY=/tmp/launch-9hfZu8/org.macosforge.xquartz:0

Signal Handlers:
SIGSEGV: [libjvm.dylib+0x56059b], sa_mask[0]=0xfffefeff, sa_flags=0x00000043
SIGBUS: [libjvm.dylib+0x56059b], sa_mask[0]=0xfffefeff, sa_flags=0x00000042
SIGFPE: [libjvm.dylib+0x4438f2], sa_mask[0]=0xfffefeff, sa_flags=0x00000042
SIGPIPE: [libjvm.dylib+0x4438f2], sa_mask[0]=0xfffefeff, sa_flags=0x00000042
SIGXFSZ: [libjvm.dylib+0x4438f2], sa_mask[0]=0xfffefeff, sa_flags=0x00000042
SIGILL: [libjvm.dylib+0x4438f2], sa_mask[0]=0xfffefeff, sa_flags=0x00000042
SIGUSR1: SIG_DFL, sa_mask[0]=0x00000000, sa_flags=0x00000002
SIGUSR2: [libjvm.dylib+0x443410], sa_mask[0]=0x00000004, sa_flags=0x00000042
SIGHUP: [libjvm.dylib+0x44179b], sa_mask[0]=0xfffefeff, sa_flags=0x00000042
SIGINT: [libjvm.dylib+0x44179b], sa_mask[0]=0xfffefeff, sa_flags=0x00000042
SIGTERM: [libjvm.dylib+0x44179b], sa_mask[0]=0xfffefeff, sa_flags=0x00000042
SIGQUIT: [libjvm.dylib+0x44179b], sa_mask[0]=0xfffefeff, sa_flags=0x00000042


---------------  S Y S T E M  ---------------

OS:Bsduname:Darwin 13.3.0 Darwin Kernel Version 13.3.0: Tue Jun  3 21:27:35 PDT 2014; root:xnu-2422.110.17~1/RELEASE_X86_64 x86_64
rlimit: STACK 8192k, CORE 0k, NPROC 709, NOFILE 10000, AS infinity
load average:1.36 1.29 1.38

CPU:total 4 (2 cores per cpu, 2 threads per core) family 6 model 42 stepping 7, cmov, cx8, fxsr, mmx, sse, sse2, sse3, ssse3, sse4.1, sse4.2, popcnt, avx, aes, clmul, ht, tsc, tscinvbit

Memory: 4k page, physical 4194304k(33508k free)

/proc/meminfo:


vm_info: Java HotSpot(TM) 64-Bit Server VM (25.11-b03) for bsd-amd64 JRE (1.8.0_11-b12), built on Jun 16 2014 17:39:42 by "java_re" with gcc 4.2.1 (Based on Apple Inc. build 5658) (LLVM build 2336.11.00)

time: Fri Sep 26 14:23:26 2014
elapsed time: 24 seconds

